{"contracts/Counter.sol":{"l":{"10":3,"19":1,"20":1,"24":2,"25":2},"path":"/Users/pushkarkumar/Desktop/projects/counter-smart-contract/contracts/Counter.sol","s":{"1":3,"2":1,"3":1,"4":2,"5":2},"b":{},"f":{"1":3,"2":1,"3":2},"fnMap":{"1":{"name":"constructor","line":9,"loc":{"start":{"line":9,"column":4},"end":{"line":11,"column":4}}},"2":{"name":"increment","line":18,"loc":{"start":{"line":18,"column":4},"end":{"line":21,"column":4}}},"3":{"name":"getCount","line":23,"loc":{"start":{"line":23,"column":4},"end":{"line":26,"column":4}}}},"statementMap":{"1":{"start":{"line":10,"column":8},"end":{"line":10,"column":21}},"2":{"start":{"line":19,"column":8},"end":{"line":19,"column":17}},"3":{"start":{"line":20,"column":8},"end":{"line":20,"column":60}},"4":{"start":{"line":24,"column":8},"end":{"line":24,"column":56}},"5":{"start":{"line":25,"column":8},"end":{"line":25,"column":20}}},"branchMap":{}}}